<?xml version="1.0" encoding="UTF-8"?>
<!-- Generated by org.testng.reporters.JUnitXMLReporter -->
<testsuite ignored="0" hostname="DESKTOP-BDGTKAB" failures="1" tests="5" name="Test8" time="479.291" errors="0" timestamp="2020-09-01T13:52:44 IST">
  <testcase classname="Test.NullInputsToFieldsTest4" name="@AfterClass closeBrowser" time="0.191">
    <failure type="org.openqa.selenium.NoSuchSessionException" message="Tried to run command without establishing a connection
Build info: version: &amp;apos;3.141.59&amp;apos;, revision: &amp;apos;e82be7d358&amp;apos;, time: &amp;apos;2018-11-14T08:17:03&amp;apos;
System info: host: &amp;apos;DESKTOP-BDGTKAB&amp;apos;, ip: &amp;apos;192.168.0.160&amp;apos;, os.name: &amp;apos;Windows 10&amp;apos;, os.arch: &amp;apos;amd64&amp;apos;, os.version: &amp;apos;10.0&amp;apos;, java.version: &amp;apos;14&amp;apos;
Driver info: org.openqa.selenium.firefox.FirefoxDriver
Capabilities {acceptInsecureCerts: true, browserName: firefox, browserVersion: 77.0.1, javascriptEnabled: true, moz:accessibilityChecks: false, moz:buildID: 20200602222727, moz:geckodriverVersion: 0.26.0, moz:headless: false, moz:processID: 4784, moz:profile: C:\Users\Upput\AppData\Loca..., moz:shutdownTimeout: 60000, moz:useNonSpecCompliantPointerOrigin: false, moz:webdriverClick: true, pageLoadStrategy: normal, platform: WINDOWS, platformName: WINDOWS, platformVersion: 10.0, rotatable: false, setWindowRect: true, strictFileInteractability: false, timeouts: {implicit: 0, pageLoad: 300000, script: 30000}, unhandledPromptBehavior: dismiss and notify}
Session ID: 21972413-d69a-46eb-8138-4453f9115145">
      <![CDATA[org.openqa.selenium.NoSuchSessionException: Tried to run command without establishing a connection
Build info: version: '3.141.59', revision: 'e82be7d358', time: '2018-11-14T08:17:03'
System info: host: 'DESKTOP-BDGTKAB', ip: '192.168.0.160', os.name: 'Windows 10', os.arch: 'amd64', os.version: '10.0', java.version: '14'
Driver info: org.openqa.selenium.firefox.FirefoxDriver
Capabilities {acceptInsecureCerts: true, browserName: firefox, browserVersion: 77.0.1, javascriptEnabled: true, moz:accessibilityChecks: false, moz:buildID: 20200602222727, moz:geckodriverVersion: 0.26.0, moz:headless: false, moz:processID: 4784, moz:profile: C:\Users\Upput\AppData\Loca..., moz:shutdownTimeout: 60000, moz:useNonSpecCompliantPointerOrigin: false, moz:webdriverClick: true, pageLoadStrategy: normal, platform: WINDOWS, platformName: WINDOWS, platformVersion: 10.0, rotatable: false, setWindowRect: true, strictFileInteractability: false, timeouts: {implicit: 0, pageLoad: 300000, script: 30000}, unhandledPromptBehavior: dismiss and notify}
Session ID: 21972413-d69a-46eb-8138-4453f9115145
at org.openqa.selenium.remote.http.W3CHttpResponseCodec.createException(W3CHttpResponseCodec.java:187)
at org.openqa.selenium.remote.http.W3CHttpResponseCodec.decode(W3CHttpResponseCodec.java:122)
at org.openqa.selenium.remote.http.W3CHttpResponseCodec.decode(W3CHttpResponseCodec.java:49)
at org.openqa.selenium.remote.HttpCommandExecutor.execute(HttpCommandExecutor.java:158)
at org.openqa.selenium.remote.service.DriverCommandExecutor.execute(DriverCommandExecutor.java:83)
at org.openqa.selenium.remote.RemoteWebDriver.execute(RemoteWebDriver.java:552)
at org.openqa.selenium.remote.RemoteWebDriver.execute(RemoteWebDriver.java:609)
at org.openqa.selenium.remote.RemoteWebDriver.quit(RemoteWebDriver.java:452)
at Test.NullInputsToFieldsTest4.closeBrowser(NullInputsToFieldsTest4.java:56)
at java.base/java.util.ArrayList.forEach(ArrayList.java:1510)
... Removed 30 stack frames]]>
    </failure>
  </testcase> <!-- @AfterClass closeBrowser -->
  <testcase classname="Test.NullInputsToFieldsTest4" name="TestNullInput" time="34.728">
    <skipped/>
  </testcase> <!-- TestNullInput -->
  <testcase classname="Test.NullInputsToFieldsTest4" name="TestNullInput" time="36.185">
    <skipped/>
  </testcase> <!-- TestNullInput -->
  <testcase classname="Test.NullInputsToFieldsTest4" name="TestNullInput" time="206.25">
    <skipped/>
  </testcase> <!-- TestNullInput -->
  <testcase classname="Test.NullInputsToFieldsTest4" name="TestNullInput" time="114.927">
    <skipped/>
  </testcase> <!-- TestNullInput -->
  <testcase classname="Test.NullInputsToFieldsTest4" name="TestNullInput" time="18.501">
    <failure type="org.openqa.selenium.NoSuchSessionException" message="Tried to run command without establishing a connection
Build info: version: &amp;apos;3.141.59&amp;apos;, revision: &amp;apos;e82be7d358&amp;apos;, time: &amp;apos;2018-11-14T08:17:03&amp;apos;
System info: host: &amp;apos;DESKTOP-BDGTKAB&amp;apos;, ip: &amp;apos;192.168.0.160&amp;apos;, os.name: &amp;apos;Windows 10&amp;apos;, os.arch: &amp;apos;amd64&amp;apos;, os.version: &amp;apos;10.0&amp;apos;, java.version: &amp;apos;14&amp;apos;
Driver info: org.openqa.selenium.firefox.FirefoxDriver
Capabilities {acceptInsecureCerts: true, browserName: firefox, browserVersion: 77.0.1, javascriptEnabled: true, moz:accessibilityChecks: false, moz:buildID: 20200602222727, moz:geckodriverVersion: 0.26.0, moz:headless: false, moz:processID: 4784, moz:profile: C:\Users\Upput\AppData\Loca..., moz:shutdownTimeout: 60000, moz:useNonSpecCompliantPointerOrigin: false, moz:webdriverClick: true, pageLoadStrategy: normal, platform: WINDOWS, platformName: WINDOWS, platformVersion: 10.0, rotatable: false, setWindowRect: true, strictFileInteractability: false, timeouts: {implicit: 0, pageLoad: 300000, script: 30000}, unhandledPromptBehavior: dismiss and notify}
Session ID: 21972413-d69a-46eb-8138-4453f9115145">
      <![CDATA[org.openqa.selenium.NoSuchSessionException: Tried to run command without establishing a connection
Build info: version: '3.141.59', revision: 'e82be7d358', time: '2018-11-14T08:17:03'
System info: host: 'DESKTOP-BDGTKAB', ip: '192.168.0.160', os.name: 'Windows 10', os.arch: 'amd64', os.version: '10.0', java.version: '14'
Driver info: org.openqa.selenium.firefox.FirefoxDriver
Capabilities {acceptInsecureCerts: true, browserName: firefox, browserVersion: 77.0.1, javascriptEnabled: true, moz:accessibilityChecks: false, moz:buildID: 20200602222727, moz:geckodriverVersion: 0.26.0, moz:headless: false, moz:processID: 4784, moz:profile: C:\Users\Upput\AppData\Loca..., moz:shutdownTimeout: 60000, moz:useNonSpecCompliantPointerOrigin: false, moz:webdriverClick: true, pageLoadStrategy: normal, platform: WINDOWS, platformName: WINDOWS, platformVersion: 10.0, rotatable: false, setWindowRect: true, strictFileInteractability: false, timeouts: {implicit: 0, pageLoad: 300000, script: 30000}, unhandledPromptBehavior: dismiss and notify}
Session ID: 21972413-d69a-46eb-8138-4453f9115145
at org.openqa.selenium.remote.http.W3CHttpResponseCodec.createException(W3CHttpResponseCodec.java:187)
at org.openqa.selenium.remote.http.W3CHttpResponseCodec.decode(W3CHttpResponseCodec.java:122)
at org.openqa.selenium.remote.http.W3CHttpResponseCodec.decode(W3CHttpResponseCodec.java:49)
at org.openqa.selenium.remote.HttpCommandExecutor.execute(HttpCommandExecutor.java:158)
at org.openqa.selenium.remote.service.DriverCommandExecutor.execute(DriverCommandExecutor.java:83)
at org.openqa.selenium.remote.RemoteWebDriver.execute(RemoteWebDriver.java:552)
at org.openqa.selenium.remote.RemoteWebDriver.execute(RemoteWebDriver.java:609)
at org.openqa.selenium.remote.RemoteWebDriver$RemoteWebDriverOptions$RemoteWindow.maximize(RemoteWebDriver.java:837)
at BaseClasses.BaseClass.invokeBrowser(BaseClass.java:53)
at Test.NullInputsToFieldsTest4.TestNullInput(NullInputsToFieldsTest4.java:36)
at java.base/java.util.ArrayList.forEach(ArrayList.java:1510)
... Removed 32 stack frames]]>
    </failure>
  </testcase> <!-- TestNullInput -->
</testsuite> <!-- Test8 -->
