<?xml version="1.0" encoding="UTF-8"?>
<!-- Generated by org.testng.reporters.JUnitXMLReporter -->
<testsuite ignored="0" hostname="DESKTOP-BDGTKAB" failures="0" tests="3" name="Test(failed)" time="161.708" errors="0" timestamp="2020-06-12T09:50:39 IST">
  <testcase classname="Test.NullInputsToFieldsTest4" name="TestNullInput" time="46.44"/>
  <testcase classname="Test.LowValuesToInputFieldBoxTest" name="Test" time="39.29"/>
  <testcase classname="Test.NullInputsToFieldsTest1" name="TestNullInput" time="39.26"/>
</testsuite> <!-- Test(failed) -->
